<?xml version="1.0" encoding="UTF-8"?>
<!-- Generated by org.testng.reporters.JUnitReportReporter -->
<testsuite hostname="LAPTOP-F5223EVV" failures="0" tests="1" name="com.automationoct.tests.ReadersTests" time="1.459" errors="0" timestamp="2020-10-24T11:34:45 ART" skipped="0">
  <testcase classname="com.automationoct.tests.ReadersTests" name="TestXlsReader1" time="1.459"/>
  <system-out>
xls todo joya xls todo joya  </system-out>
</testsuite> <!-- com.automationoct.tests.ReadersTests -->
