<?xml version="1.0" encoding="UTF-8"?>
<!-- Generated by org.testng.reporters.JUnitReportReporter -->
<testsuite hostname="LAPTOP-F5223EVV" failures="0" tests="2" name="tests.Sample" time="3.390" errors="0" timestamp="2020-10-04T22:44:00 ART" skipped="0">
  <testcase classname="tests.Sample" name="GoogleSearch" time="3.386"/>
  <system-out/>
  <testcase classname="tests.Sample" name="test1" time="0.004"/>
  <system-out/>
</testsuite> <!-- tests.Sample -->
