<?xml version="1.0" encoding="UTF-8"?>
<!-- Generated by org.testng.reporters.JUnitReportReporter -->
<testsuite hostname="LAPTOP-F5223EVV" failures="0" tests="1" name="tests.EnvironmentTest" time="0.005" errors="0" timestamp="2020-10-13T23:21:05 ART" skipped="0">
  <testcase classname="tests.EnvironmentTest" name="functionalTest" time="0.005"/>
  <system-out/>
</testsuite> <!-- tests.EnvironmentTest -->
