<?xml version="1.0" encoding="UTF-8"?>
<!-- Generated by org.testng.reporters.JUnitReportReporter -->
<testsuite hostname="DESKTOP-JNLSMIN" failures="0" tests="3" name="com.automationoct.tests.ReadersTests" time="0.886" errors="0" timestamp="2023-02-08T19:30:00 ART" skipped="0">
  <testcase classname="com.automationoct.tests.ReadersTests" name="TestXlsReader1" time="0.845"/>
  <system-out>
    <![CDATA[xls todo joya
xls todo joya]]>
  </system-out>
  <testcase classname="com.automationoct.tests.ReadersTests" name="TestCsvReaderClass1" time="0.032"/>
  <system-out>
    <![CDATA[1000sales.csv procesado perfecto!
Sample.csv procesado perfecto!
printCSV Method va bien]]>
  </system-out>
  <testcase classname="com.automationoct.tests.ReadersTests" name="TestJsonReader1" time="0.009"/>
  <system-out>
    <![CDATA[Json Reader works too]]>
  </system-out>
</testsuite> <!-- com.automationoct.tests.ReadersTests -->
