<?xml version="1.0" encoding="UTF-8"?>
<!-- Generated by org.testng.reporters.JUnitReportReporter -->
<testsuite hostname="DESKTOP-JNLSMIN" failures="0" tests="3" name="com.automationoct.tests.TestWebPageTests" time="9.814" errors="0" timestamp="2023-02-08T19:30:19 ART" skipped="0">
  <testcase classname="com.automationoct.tests.TestWebPageTests" name="LoginTestPage" time="3.254"/>
  <system-out>
    <![CDATA[estamos en la login page de pagina test
estamos en la login page de pagina test]]>
  </system-out>
  <testcase classname="com.automationoct.tests.TestWebPageTests" name="LoginTestPage" time="3.302"/>
  <system-out>
    <![CDATA[estamos en la login page de pagina test
estamos en la login page de pagina test]]>
  </system-out>
  <testcase classname="com.automationoct.tests.TestWebPageTests" name="LoginTestPage" time="3.258"/>
  <system-out>
    <![CDATA[estamos en la login page de pagina test
estamos en la login page de pagina test]]>
  </system-out>
</testsuite> <!-- com.automationoct.tests.TestWebPageTests -->
