<?xml version="1.0" encoding="UTF-8"?>
<!-- Generated by org.testng.reporters.JUnitReportReporter -->
<testsuite hostname="LAPTOP-F5223EVV" failures="0" tests="2" name="Diego.AutomationProject_OCT2020.Sample" time="20.006" errors="0" timestamp="2 Oct 2020 17:34:05 GMT">
  <testcase classname="Diego.AutomationProject_OCT2020.Sample" name="test1" time="10.005"/>
  <testcase classname="Diego.AutomationProject_OCT2020.Sample" name="test13" time="10.001"/>
</testsuite> <!-- Diego.AutomationProject_OCT2020.Sample -->
