<?xml version="1.0" encoding="UTF-8"?>
<!-- Generated by org.testng.reporters.JUnitReportReporter -->
<testsuite skipped="0" hostname="LAPTOP-F5223EVV" name="com.automationoct.tests.Sample" tests="1" failures="0" timestamp="2020-11-12T21:15:22 ART" time="11.911" errors="0">
  <testcase name="GoogleSearch" time="11.911" classname="com.automationoct.tests.Sample"/>
  <system-out>
Logramos Buscar a Zambicooking Estamos en Zambicooking!!!  </system-out>
</testsuite> <!-- com.automationoct.tests.Sample -->
