<?xml version="1.0" encoding="UTF-8"?>
<!-- Generated by org.testng.reporters.JUnitReportReporter -->
<testsuite skipped="0" hostname="LAPTOP-F5223EVV" name="com.automationoct.tests.ReadersTests" tests="1" failures="0" timestamp="2020-10-25T23:24:23 ART" time="0.011" errors="0">
  <testcase name="TestJsonReader1" time="0.011" classname="com.automationoct.tests.ReadersTests"/>
  <system-out>
Json Reader tambien funciona  </system-out>
</testsuite> <!-- com.automationoct.tests.ReadersTests -->
