<?xml version="1.0" encoding="UTF-8"?>
<!-- Generated by org.testng.reporters.JUnitReportReporter -->
<testsuite hostname="LAPTOP-F5223EVV" failures="0" tests="1" name="com.automationoct.tests.ReadersTests" time="0.112" errors="0" timestamp="2020-10-18T23:57:57 ART" skipped="0">
  <testcase classname="com.automationoct.tests.ReadersTests" name="TestJsonReader1" time="0.112"/>
  <system-out/>
</testsuite> <!-- com.automationoct.tests.ReadersTests -->
