<?xml version="1.0" encoding="UTF-8"?>
<!-- Generated by org.testng.reporters.JUnitReportReporter -->
<testsuite hostname="LAPTOP-F5223EVV" failures="0" tests="3" name="com.automationoct.tests.ApiCallsTests" time="2.622" errors="0" timestamp="2020-10-15T18:28:31 ART" skipped="0">
  <testcase classname="com.automationoct.tests.ApiCallsTests" name="getResponseBody" time="2.060"/>
  <system-out/>
  <testcase classname="com.automationoct.tests.ApiCallsTests" name="saveFileResponse" time="0.249"/>
  <system-out/>
  <testcase classname="com.automationoct.tests.ApiCallsTests" name="shouldReturnStatusOkay" time="0.313"/>
  <system-out/>
</testsuite> <!-- com.automationoct.tests.ApiCallsTests -->
