<?xml version="1.0" encoding="UTF-8"?>
<!-- Generated by org.testng.reporters.JUnitReportReporter -->
<testsuite hostname="LAPTOP-F5223EVV" failures="0" tests="1" name="com.automationoct.EnvironmentTest" time="0.004" errors="0" timestamp="2020-10-14T13:37:36 ART" skipped="0">
  <testcase classname="com.automationoct.EnvironmentTest" name="functionalTest" time="0.004"/>
  <system-out/>
</testsuite> <!-- com.automationoct.EnvironmentTest -->
