<?xml version="1.0" encoding="UTF-8"?>
<!-- Generated by org.testng.reporters.JUnitReportReporter -->
<testsuite hostname="DESKTOP-JNLSMIN" failures="0" tests="3" name="com.automationoct.tests.ApiCallsTests" time="1.224" errors="0" timestamp="2023-02-08T17:43:42 ART" skipped="0">
  <testcase classname="com.automationoct.tests.ApiCallsTests" name="getResponseBody" time="0.715"/>
  <system-out/>
  <testcase classname="com.automationoct.tests.ApiCallsTests" name="shouldReturnStatusOkay" time="0.257"/>
  <system-out/>
  <testcase classname="com.automationoct.tests.ApiCallsTests" name="saveFileResponse" time="0.252"/>
  <system-out/>
</testsuite> <!-- com.automationoct.tests.ApiCallsTests -->
