<?xml version="1.0" encoding="UTF-8"?>
<!-- Generated by org.testng.reporters.JUnitReportReporter -->
<testsuite hostname="LAPTOP-F5223EVV" failures="0" tests="1" name="com.automationoct.Sample" time="3.268" errors="0" timestamp="2020-10-14T13:32:37 ART" skipped="0">
  <testcase classname="com.automationoct.Sample" name="GoogleSearch" time="3.268"/>
  <system-out>
Logramos Buscar a Zambicooking Estamos en Zambicooking!!!  </system-out>
</testsuite> <!-- com.automationoct.Sample -->
