<?xml version="1.0" encoding="UTF-8"?>
<!-- Generated by org.testng.reporters.JUnitReportReporter -->
<testsuite hostname="LAPTOP-F5223EVV" failures="0" tests="1" name="tests.Sample" time="2.814" errors="0" timestamp="2020-10-14T01:11:01 ART" skipped="0">
  <testcase classname="tests.Sample" name="GoogleSearch" time="2.814"/>
  <system-out>
Logramos Buscar a Zambicooking Estamos en Zambicooking!!!  </system-out>
</testsuite> <!-- tests.Sample -->
