<?xml version="1.0" encoding="UTF-8"?>
<!-- Generated by org.testng.reporters.JUnitReportReporter -->
<testsuite skipped="0" hostname="LAPTOP-F5223EVV" name="com.automationoct.tests.TestWebPageTests" tests="5" failures="0" timestamp="2020-10-30T17:57:58 ART" time="11.417" errors="0">
  <testcase name="LoginTestPageUsingJsonFile" time="2.268" classname="com.automationoct.tests.TestWebPageTests"/>
  <system-out>
we are in test login page estamos en la login page de pagina test  </system-out>
  <testcase name="LoginTestPageUsingJsonFile" time="2.371" classname="com.automationoct.tests.TestWebPageTests"/>
  <system-out>
we are in test login page estamos en la login page de pagina test  </system-out>
  <testcase name="LoginTestPageUsingJsonFile" time="2.261" classname="com.automationoct.tests.TestWebPageTests"/>
  <system-out>
we are in test login page estamos en la login page de pagina test  </system-out>
  <testcase name="LoginTestPageUsingJsonFile" time="2.261" classname="com.automationoct.tests.TestWebPageTests"/>
  <system-out>
we are in test login page estamos en la login page de pagina test  </system-out>
  <testcase name="LoginTestPageUsingJsonFile" time="2.256" classname="com.automationoct.tests.TestWebPageTests"/>
  <system-out>
we are in test login page estamos en la login page de pagina test  </system-out>
</testsuite> <!-- com.automationoct.tests.TestWebPageTests -->
