<?xml version="1.0" encoding="UTF-8"?>
<!-- Generated by org.testng.reporters.JUnitReportReporter -->
<testsuite skipped="3" hostname="LAPTOP-F5223EVV" name="com.automationoct.tests.TestWebPageTests" tests="4" failures="0" timestamp="2020-10-24T14:13:06 ART" time="0.034" errors="1">
  <testcase name="setUp" time="0.034" classname="com.automationoct.tests.TestWebPageTests">
    <error type="java.lang.NullPointerException">
      <![CDATA[java.lang.NullPointerException
at com.automationoct.helpers.TestWebPageHelper.setUp(TestWebPageHelper.java:40)
at sun.reflect.NativeMethodAccessorImpl.invoke0(Native Method)
at sun.reflect.NativeMethodAccessorImpl.invoke(NativeMethodAccessorImpl.java:62)
at sun.reflect.DelegatingMethodAccessorImpl.invoke(DelegatingMethodAccessorImpl.java:43)
at java.lang.reflect.Method.invoke(Method.java:498)
at org.testng.internal.MethodInvocationHelper.invokeMethod(MethodInvocationHelper.java:132)
at org.testng.internal.MethodInvocationHelper.invokeMethodConsideringTimeout(MethodInvocationHelper.java:61)
at org.testng.internal.ConfigInvoker.invokeConfigurationMethod(ConfigInvoker.java:366)
at org.testng.internal.ConfigInvoker.invokeConfigurations(ConfigInvoker.java:320)
at org.testng.internal.TestMethodWorker.invokeBeforeClassMethods(TestMethodWorker.java:176)
at org.testng.internal.TestMethodWorker.run(TestMethodWorker.java:122)
at java.util.concurrent.ThreadPoolExecutor.runWorker(ThreadPoolExecutor.java:1149)
at java.util.concurrent.ThreadPoolExecutor$Worker.run(ThreadPoolExecutor.java:624)
at java.lang.Thread.run(Thread.java:748)
]]>
    </error>
  </testcase> <!-- setUp -->
  <system-out/>
  <testcase name="LoginTestPage" time="0.000" classname="com.automationoct.tests.TestWebPageTests">
    <skipped/>
  </testcase> <!-- LoginTestPage -->
  <system-out/>
  <testcase name="LoginTestPage" time="0.000" classname="com.automationoct.tests.TestWebPageTests">
    <skipped/>
  </testcase> <!-- LoginTestPage -->
  <system-out/>
  <testcase name="LoginTestPage" time="0.000" classname="com.automationoct.tests.TestWebPageTests">
    <skipped/>
  </testcase> <!-- LoginTestPage -->
  <system-out/>
</testsuite> <!-- com.automationoct.tests.TestWebPageTests -->
