<?xml version="1.0" encoding="UTF-8"?>
<!-- Generated by org.testng.reporters.JUnitReportReporter -->
<testsuite hostname="LAPTOP-F5223EVV" failures="0" tests="1" name="Diego.AutomationProject_OCT2020.BaseTest" time="10.003" errors="0" timestamp="2 Oct 2020 15:39:20 GMT">
  <testcase classname="Diego.AutomationProject_OCT2020.BaseTest" name="test1" time="10.003"/>
</testsuite> <!-- Diego.AutomationProject_OCT2020.BaseTest -->
