<?xml version="1.0" encoding="UTF-8"?>
<!-- Generated by org.testng.reporters.JUnitReportReporter -->
<testsuite hostname="LAPTOP-F5223EVV" failures="0" tests="3" name="com.automationoct.tests.ReadersTests" time="1.250" errors="0" timestamp="2020-10-19T00:03:05 ART" skipped="0">
  <testcase classname="com.automationoct.tests.ReadersTests" name="TestCsvReaderClass1" time="0.048"/>
  <system-out>
1000sales.csv procesado perfecto! Sample.csv procesado perfecto! printCSV Method va bien  </system-out>
  <testcase classname="com.automationoct.tests.ReadersTests" name="TestXlsReader1" time="1.190"/>
  <system-out>
xls todo joya xls todo joya  </system-out>
  <testcase classname="com.automationoct.tests.ReadersTests" name="TestJsonReader1" time="0.012"/>
  <system-out>
Json Reader tambien funciona  </system-out>
</testsuite> <!-- com.automationoct.tests.ReadersTests -->
