<?xml version="1.0" encoding="UTF-8"?>
<!-- Generated by org.testng.reporters.JUnitReportReporter -->
<testsuite hostname="LAPTOP-F5223EVV" failures="0" tests="1" name="tests.BaseTest" time="10.005" errors="0" timestamp="2 Oct 2020 17:42:56 GMT">
  <testcase classname="tests.BaseTest" name="test1" time="10.005"/>
</testsuite> <!-- tests.BaseTest -->
