<?xml version="1.0" encoding="UTF-8"?>
<!-- Generated by org.testng.reporters.JUnitReportReporter -->
<testsuite skipped="0" hostname="LAPTOP-F5223EVV" name="com.automationoct.tests.TestWebPageTests" tests="5" failures="0" timestamp="2020-10-25T23:22:12 ART" time="11.437" errors="0">
  <testcase name="LoginTestPageUsingJsonFile" time="2.273" classname="com.automationoct.tests.TestWebPageTests"/>
  <system-out>
estamos en la login page de pagina test estamos en la login page de pagina test  </system-out>
  <testcase name="LoginTestPageUsingJsonFile" time="2.366" classname="com.automationoct.tests.TestWebPageTests"/>
  <system-out>
estamos en la login page de pagina test estamos en la login page de pagina test  </system-out>
  <testcase name="LoginTestPageUsingJsonFile" time="2.267" classname="com.automationoct.tests.TestWebPageTests"/>
  <system-out>
estamos en la login page de pagina test estamos en la login page de pagina test  </system-out>
  <testcase name="LoginTestPageUsingJsonFile" time="2.273" classname="com.automationoct.tests.TestWebPageTests"/>
  <system-out>
estamos en la login page de pagina test estamos en la login page de pagina test  </system-out>
  <testcase name="LoginTestPageUsingJsonFile" time="2.258" classname="com.automationoct.tests.TestWebPageTests"/>
  <system-out>
estamos en la login page de pagina test estamos en la login page de pagina test  </system-out>
</testsuite> <!-- com.automationoct.tests.TestWebPageTests -->
