<?xml version="1.0" encoding="UTF-8"?>
<!-- Generated by org.testng.reporters.JUnitReportReporter -->
<testsuite hostname="LAPTOP-F5223EVV" failures="0" tests="1" name="com.automationoct.tests.Sample" time="4.992" errors="0" timestamp="2020-10-16T14:06:52 ART" skipped="0">
  <testcase classname="com.automationoct.tests.Sample" name="GoogleSearch" time="4.992"/>
  <system-out>
Logramos Buscar a Zambicooking Estamos en Zambicooking!!!  </system-out>
</testsuite> <!-- com.automationoct.tests.Sample -->
