<?xml version="1.0" encoding="UTF-8"?>
<!-- Generated by org.testng.reporters.JUnitReportReporter -->
<testsuite hostname="LAPTOP-F5223EVV" failures="0" tests="1" name="com.automationoct.tests.Sample" time="12.512" errors="0" timestamp="2020-10-24T12:24:42 ART" skipped="0">
  <testcase classname="com.automationoct.tests.Sample" name="GoogleSearch" time="12.512"/>
  <system-out>
Logramos Buscar a Zambicooking Estamos en Zambicooking!!!  </system-out>
</testsuite> <!-- com.automationoct.tests.Sample -->
