<?xml version="1.0" encoding="UTF-8"?>
<!-- Generated by org.testng.reporters.JUnitReportReporter -->
<testsuite skipped="0" hostname="LAPTOP-F5223EVV" name="com.automationoct.tests.TestWebPageTests" tests="20" failures="0" timestamp="2020-10-24T13:22:48 ART" time="4.800" errors="0">
  <testcase name="LoginTestPage" time="0.235" classname="com.automationoct.tests.TestWebPageTests"/>
  <system-out>
estamos en la login page de pagina test estamos en la login page de pagina test  </system-out>
  <testcase name="LoginTestPage" time="0.248" classname="com.automationoct.tests.TestWebPageTests"/>
  <system-out>
estamos en la login page de pagina test estamos en la login page de pagina test  </system-out>
  <testcase name="LoginTestPage" time="0.251" classname="com.automationoct.tests.TestWebPageTests"/>
  <system-out>
estamos en la login page de pagina test estamos en la login page de pagina test  </system-out>
  <testcase name="LoginTestPage" time="0.228" classname="com.automationoct.tests.TestWebPageTests"/>
  <system-out>
estamos en la login page de pagina test estamos en la login page de pagina test  </system-out>
  <testcase name="LoginTestPage" time="0.227" classname="com.automationoct.tests.TestWebPageTests"/>
  <system-out>
estamos en la login page de pagina test estamos en la login page de pagina test  </system-out>
  <testcase name="LoginTestPage" time="0.229" classname="com.automationoct.tests.TestWebPageTests"/>
  <system-out>
estamos en la login page de pagina test estamos en la login page de pagina test  </system-out>
  <testcase name="LoginTestPage" time="0.221" classname="com.automationoct.tests.TestWebPageTests"/>
  <system-out>
estamos en la login page de pagina test estamos en la login page de pagina test  </system-out>
  <testcase name="LoginTestPage" time="0.256" classname="com.automationoct.tests.TestWebPageTests"/>
  <system-out>
estamos en la login page de pagina test estamos en la login page de pagina test  </system-out>
  <testcase name="LoginTestPage" time="0.223" classname="com.automationoct.tests.TestWebPageTests"/>
  <system-out>
estamos en la login page de pagina test estamos en la login page de pagina test  </system-out>
  <testcase name="LoginTestPage" time="0.233" classname="com.automationoct.tests.TestWebPageTests"/>
  <system-out>
estamos en la login page de pagina test estamos en la login page de pagina test  </system-out>
  <testcase name="LoginTestPage" time="0.242" classname="com.automationoct.tests.TestWebPageTests"/>
  <system-out>
estamos en la login page de pagina test estamos en la login page de pagina test  </system-out>
  <testcase name="LoginTestPage" time="0.236" classname="com.automationoct.tests.TestWebPageTests"/>
  <system-out>
estamos en la login page de pagina test estamos en la login page de pagina test  </system-out>
  <testcase name="LoginTestPage" time="0.320" classname="com.automationoct.tests.TestWebPageTests"/>
  <system-out>
estamos en la login page de pagina test estamos en la login page de pagina test  </system-out>
  <testcase name="LoginTestPage" time="0.238" classname="com.automationoct.tests.TestWebPageTests"/>
  <system-out>
estamos en la login page de pagina test estamos en la login page de pagina test  </system-out>
  <testcase name="LoginTestPage" time="0.239" classname="com.automationoct.tests.TestWebPageTests"/>
  <system-out>
estamos en la login page de pagina test estamos en la login page de pagina test  </system-out>
  <testcase name="LoginTestPage" time="0.247" classname="com.automationoct.tests.TestWebPageTests"/>
  <system-out>
estamos en la login page de pagina test estamos en la login page de pagina test  </system-out>
  <testcase name="LoginTestPage" time="0.219" classname="com.automationoct.tests.TestWebPageTests"/>
  <system-out>
estamos en la login page de pagina test estamos en la login page de pagina test  </system-out>
  <testcase name="LoginTestPage" time="0.227" classname="com.automationoct.tests.TestWebPageTests"/>
  <system-out>
estamos en la login page de pagina test estamos en la login page de pagina test  </system-out>
  <testcase name="LoginTestPage" time="0.222" classname="com.automationoct.tests.TestWebPageTests"/>
  <system-out>
estamos en la login page de pagina test estamos en la login page de pagina test  </system-out>
  <testcase name="LoginTestPage" time="0.259" classname="com.automationoct.tests.TestWebPageTests"/>
  <system-out>
estamos en la login page de pagina test estamos en la login page de pagina test  </system-out>
</testsuite> <!-- com.automationoct.tests.TestWebPageTests -->
